
> flexible-shift-scheduler@0.0.0 dev
> vite

Port 5173 is in use, trying another one...
Port 5174 is in use, trying another one...
Port 5175 is in use, trying another one...
Port 5176 is in use, trying another one...
Port 5177 is in use, trying another one...
Port 5178 is in use, trying another one...
Port 5179 is in use, trying another one...
Port 5180 is in use, trying another one...
Port 5181 is in use, trying another one...
Port 5182 is in use, trying another one...
Port 5183 is in use, trying another one...
Port 5184 is in use, trying another one...
Port 5185 is in use, trying another one...
Port 5186 is in use, trying another one...
Port 5187 is in use, trying another one...
Port 5188 is in use, trying another one...
Port 5189 is in use, trying another one...
Port 5190 is in use, trying another one...

  VITE v6.4.1  ready in 1886 ms

  ➜  Local:   http://localhost:5191/
  ➜  Network: use --host to 2:02:40 AM [vite] (client) page reload inde2:02:402:03:39 AM [vite] (client) page reload inde2:03:392:06:46 AM [vite] (client) hmr update /src/App.tsx, /src/index.css
2:07:50 AM [vite] (client) hmr update /src/App.tsx, /src/index.css
2:08:07 AM [vite] (client) hmr update /src/components/Login.tsx, /src/index.css
2:08:23 AM [vite] vite.config.ts changed, restarting server...
2:08:25 AM [vite] (client) Re-optimizing dependencies because vite config has changed
2:08:26 AM [vite] server restarted.
-optimizing dependencies because vite config has changed
2:08:26 AM [vite] server restarted.
