
> flexible-shift-scheduler@0.0.0 dev
> vite

Port 5173 is in use, trying another one...
Port 5174 is in use, trying another one...
Port 5175 is in use, trying another one...
Port 5176 is in use, trying another one...
Port 5177 is in use, trying another one...
Port 5178 is in use, trying another one...
Port 5179 is in use, trying another one...
Port 5180 is in use, trying another one...
Port 5181 is in use, trying another one...
Port 5182 is in use, trying another one...
Port 5183 is in use, trying another one...
Port 5184 is in use, trying another one...
Port 5185 is in use, trying another one...
Port 5186 is in use, trying another one...
Port 5187 is in use, trying another one...

  VITE v6.4.1  ready in 1735 ms

  ➜  Local:   http://localhost:5188/
  ➜  Network: use --host to expose
  ➜  press h + enter to show help
1:49:32 AM [vite] Pre-transform error: Failed to load url /src/index.tsx (resolved id: /src/index.tsx). Does the file exist?
1:49:32 AM [vite] Pre-transform error: Failed to load url /src/index.tsx (resolved id: /src/index.tsx). Does the file exist?
1:52:01 AM [vite] (client) page reload index.html
2:02:40 AM [vite] (client) page reload index.html
2:03:39 AM [vite] (client) page reload index.html
2:08:23 AM [vite] vite.config.ts changed, restarting server...
2:08:25 AM [vite] (client) Re-optimizing dependencies because vite config has changed
2:08:26 AM [vite] server restarted.
