
> flexible-shift-scheduler@0.0.0 dev
> vite

Port 5173 is in use, trying another one...
Port 5174 is in use, trying another one...
Port 5175 is in use, trying another one...
Port 5176 is in use, trying another one...
Port 5177 is in use, trying another one...
Port 5178 is in use, trying another one...
Port 5179 is in use, trying another one...
Port 5180 is in use, trying another one...
Port 5181 is in use, trying another one...
Port 5182 is in use, trying another one...
Port 5183 is in use, trying another one...

  VITE v6.4.1  ready in 2470 ms

  ➜  Local:   http://localhost:5184/
  ➜  Network: use --host to expose
  ➜  press h + enter to show help
1:35:34 AM [vite] (client) Pre-transform error: Failed to resolve import "./firebase" from "src/App.tsx". Does the file exist?
  Plugin: vite:import-analysis
  File: /home/user/flexiblescheduler/src/App.tsx:5:20
  19 |  import { getAuth, onAuthStateChanged, isSignInWithEmailLink, signInWithEmailLink } from "firebase/auth";
  20 |  import { getFirestore, doc, getDoc, setDoc, collection, getDocs } from "firebase/firestore";
  21 |  import { app } from "./firebase";
     |                       ^
  22 |  import Login from "./components/Login";
  23 |  import EmployeeDashboard from "./components/EmployeeDashboard";
1:35:35 AM [vite] (client) Pre-transform error: Failed to resolve import "../firebase" from "src/components/Login.tsx". Does the file exist?
  Plugin: vite:import-analysis
  File: /home/user/flexiblescheduler/src/components/Login.tsx:4:20
  18 |  import { useState } from "react";
  19 |  import { getAuth, sendSignInLinkToEmail } from "firebase/auth";
  20 |  import { app } from "../firebase";
     |                       ^
  21 |  const Login = ({ onError, message }) => {
  22 |    _s();
1:38:17 AM [vite] (client) page reload src/firebase.ts
1:39:50 AM [vite] (client) ✨ new dependencies optimized: firebase/app
1:39:50 AM [vite] (client) ✨ optimized dependencies changed. reloading
1:41:10 AM [vite] (client) hmr update /src/index.css, /src/App.tsx, /src/components/Login.tsx
1:46:48 AM [vite] (client) page reload index.html
1:46:48 AM [vite] (client) page reload index.html
1:49:13 AM [vite] (client) page reload index.html
1:52:01 AM [vite] (client) page reload index.html
2:02:40 AM [vite] (client) page reload index.html
2:02:40 AM [vite] (client) page reload index.html
2:03:39 AM [vite] (client) page reload index.html
2:03:39 AM [vite] (client) page reload index.html
2:06:46 AM [vite] (client) hmr update /src/App.tsx, /src/index.css
2:07:50 AM [vite] (client) hmr update /src/App.tsx, /src/index.css
2:08:07 AM [vite] (client) hmr update /src/components/Login.tsx, /src/index.css
2:08:23 AM [vite] vite.config.ts changed, restarting server...
2:08:23 AM [vite] vite.config.ts changed, restarting server...
2:08:25 AM [vite] (client) Re-optimizing dependencies because vite config has changed
2:08:26 AM [vite] server restarted.
